Using pre-set license
Built from '2022.3/staging' branch; Version is '2022.3.38f1 (c5d5a7410213) revision 12965287'; Using compiler version '192829333'; Build Type 'Release'
OS: 'Windows 11  (10.0.26100) 64bit Core' Language: 'en' Physical Memory: 16088 MB
BatchMode: 1, IsHumanControllingUs: 0, StartBugReporterOnCrash: 0, Is64bit: 1, IsPro: 1

COMMAND LINE ARGUMENTS:
C:\Program Files\Unity\Hub\Editor\2022.3.38f1\Editor\Unity.exe
-adb2
-batchMode
-noUpm
-name
AssetImportWorker5
-projectPath
C:/Users/rosey/source/repos/IGME690/Semester Project/Holotomy
-logFile
Logs/AssetImportWorker5.log
-srvPort
56247
Successfully changed project path to: C:/Users/rosey/source/repos/IGME690/Semester Project/Holotomy
C:/Users/rosey/source/repos/IGME690/Semester Project/Holotomy
[UnityMemory] Configuration Parameters - Can be set up in boot.config
    "memorysetup-bucket-allocator-granularity=16"
    "memorysetup-bucket-allocator-bucket-count=8"
    "memorysetup-bucket-allocator-block-size=33554432"
    "memorysetup-bucket-allocator-block-count=8"
    "memorysetup-main-allocator-block-size=16777216"
    "memorysetup-thread-allocator-block-size=16777216"
    "memorysetup-gfx-main-allocator-block-size=16777216"
    "memorysetup-gfx-thread-allocator-block-size=16777216"
    "memorysetup-cache-allocator-block-size=4194304"
    "memorysetup-typetree-allocator-block-size=2097152"
    "memorysetup-profiler-bucket-allocator-granularity=16"
    "memorysetup-profiler-bucket-allocator-bucket-count=8"
    "memorysetup-profiler-bucket-allocator-block-size=33554432"
    "memorysetup-profiler-bucket-allocator-block-count=8"
    "memorysetup-profiler-allocator-block-size=16777216"
    "memorysetup-profiler-editor-allocator-block-size=1048576"
    "memorysetup-temp-allocator-size-main=16777216"
    "memorysetup-job-temp-allocator-block-size=2097152"
    "memorysetup-job-temp-allocator-block-size-background=1048576"
    "memorysetup-job-temp-allocator-reduction-small-platforms=262144"
    "memorysetup-allocator-temp-initial-block-size-main=262144"
    "memorysetup-allocator-temp-initial-block-size-worker=262144"
    "memorysetup-temp-allocator-size-background-worker=32768"
    "memorysetup-temp-allocator-size-job-worker=262144"
    "memorysetup-temp-allocator-size-preload-manager=33554432"
    "memorysetup-temp-allocator-size-nav-mesh-worker=65536"
    "memorysetup-temp-allocator-size-audio-worker=65536"
    "memorysetup-temp-allocator-size-cloud-worker=32768"
    "memorysetup-temp-allocator-size-gi-baking-worker=262144"
    "memorysetup-temp-allocator-size-gfx=262144"
Player connection [15284]  Target information:

Player connection [15284]  * "[IP] 129.21.90.55 [Port] 0 [Flags] 2 [Guid] 2606194931 [EditorId] 2606194931 [Version] 1048832 [Id] WindowsEditor(7,BoneCrusher) [Debug] 1 [PackageName] WindowsEditor [ProjectName] Editor" 

Player connection [15284] Host joined multi-casting on [225.0.0.222:54997]...
Player connection [15284] Host joined alternative multi-casting on [225.0.0.222:34997]...
[PhysX] Initialized MultithreadedTaskDispatcher with 20 workers.
Refreshing native plugins compatible for Editor in 9.75 ms, found 3 plugins.
Preloading 0 native plugins for Editor in 0.00 ms.
Initialize engine version: 2022.3.38f1 (c5d5a7410213)
[Subsystems] Discovering subsystems at path C:/Program Files/Unity/Hub/Editor/2022.3.38f1/Editor/Data/Resources/UnitySubsystems
[Subsystems] Discovering subsystems at path C:/Users/rosey/source/repos/IGME690/Semester Project/Holotomy/Assets
GfxDevice: creating device client; threaded=0; jobified=0
Direct3D:
    Version:  Direct3D 11.0 [level 11.1]
    Renderer: NVIDIA GeForce RTX 3070 Ti Laptop GPU (ID=0x24e0)
    Vendor:   NVIDIA
    VRAM:     8043 MB
    Driver:   31.0.15.1770
Initialize mono
Mono path[0] = 'C:/Program Files/Unity/Hub/Editor/2022.3.38f1/Editor/Data/Managed'
Mono path[1] = 'C:/Program Files/Unity/Hub/Editor/2022.3.38f1/Editor/Data/MonoBleedingEdge/lib/mono/unityjit-win32'
Mono config path = 'C:/Program Files/Unity/Hub/Editor/2022.3.38f1/Editor/Data/MonoBleedingEdge/etc'
Using monoOptions --debugger-agent=transport=dt_socket,embedding=1,server=y,suspend=n,address=127.0.0.1:56904
Begin MonoManager ReloadAssembly
Registering precompiled unity dll's ...
Register platform support module: C:/Program Files/Unity/Hub/Editor/2022.3.38f1/Editor/Data/PlaybackEngines/WebGLSupport/UnityEditor.WebGL.Extensions.dll
Register platform support module: C:/Program Files/Unity/Hub/Editor/2022.3.38f1/Editor/Data/PlaybackEngines/WindowsStandaloneSupport/UnityEditor.WindowsStandalone.Extensions.dll
Registered in 0.005685 seconds.
- Loaded All Assemblies, in  0.350 seconds
Native extension for WindowsStandalone target not found
Native extension for WebGL target not found
Mono: successfully reloaded assembly
- Finished resetting the current domain, in  0.278 seconds
Domain Reload Profiling: 627ms
	BeginReloadAssembly (127ms)
		ExecutionOrderSort (0ms)
		DisableScriptedObjects (0ms)
		BackupInstance (0ms)
		ReleaseScriptingObjects (0ms)
		CreateAndSetChildDomain (1ms)
	RebuildCommonClasses (31ms)
	RebuildNativeTypeToScriptingClass (9ms)
	initialDomainReloadingComplete (52ms)
	LoadAllAssembliesAndSetupDomain (130ms)
		LoadAssemblies (126ms)
		RebuildTransferFunctionScriptingTraits (0ms)
		AnalyzeDomain (128ms)
			TypeCache.Refresh (126ms)
				TypeCache.ScanAssembly (114ms)
			ScanForSourceGeneratedMonoScriptInfo (0ms)
			ResolveRequiredComponents (1ms)
	FinalizeReload (279ms)
		ReleaseScriptCaches (0ms)
		RebuildScriptCaches (0ms)
		SetupLoadedEditorAssemblies (218ms)
			LogAssemblyErrors (0ms)
			InitializePlatformSupportModulesInManaged (12ms)
			SetLoadedEditorAssemblies (9ms)
			RefreshPlugins (0ms)
			BeforeProcessingInitializeOnLoad (3ms)
			ProcessInitializeOnLoadAttributes (149ms)
			ProcessInitializeOnLoadMethodAttributes (44ms)
			AfterProcessingInitializeOnLoad (0ms)
			EditorAssembliesLoaded (0ms)
		ExecutionOrderSort2 (0ms)
		AwakeInstancesAfterBackupRestoration (0ms)
========================================================================
Worker process is ready to serve import requests
Begin MonoManager ReloadAssembly
- Loaded All Assemblies, in  0.626 seconds
Refreshing native plugins compatible for Editor in 2.40 ms, found 3 plugins.
Native extension for WindowsStandalone target not found
Native extension for WebGL target not found
Mono: successfully reloaded assembly
- Finished resetting the current domain, in  0.660 seconds
Domain Reload Profiling: 1282ms
	BeginReloadAssembly (141ms)
		ExecutionOrderSort (0ms)
		DisableScriptedObjects (5ms)
		BackupInstance (0ms)
		ReleaseScriptingObjects (0ms)
		CreateAndSetChildDomain (20ms)
	RebuildCommonClasses (34ms)
	RebuildNativeTypeToScriptingClass (9ms)
	initialDomainReloadingComplete (50ms)
	LoadAllAssembliesAndSetupDomain (388ms)
		LoadAssemblies (303ms)
		RebuildTransferFunctionScriptingTraits (0ms)
		AnalyzeDomain (168ms)
			TypeCache.Refresh (147ms)
				TypeCache.ScanAssembly (133ms)
			ScanForSourceGeneratedMonoScriptInfo (14ms)
			ResolveRequiredComponents (5ms)
	FinalizeReload (660ms)
		ReleaseScriptCaches (0ms)
		RebuildScriptCaches (0ms)
		SetupLoadedEditorAssemblies (521ms)
			LogAssemblyErrors (0ms)
			InitializePlatformSupportModulesInManaged (7ms)
			SetLoadedEditorAssemblies (4ms)
			RefreshPlugins (0ms)
			BeforeProcessingInitializeOnLoad (98ms)
			ProcessInitializeOnLoadAttributes (388ms)
			ProcessInitializeOnLoadMethodAttributes (19ms)
			AfterProcessingInitializeOnLoad (5ms)
			EditorAssembliesLoaded (0ms)
		ExecutionOrderSort2 (0ms)
		AwakeInstancesAfterBackupRestoration (6ms)
Launched and connected shader compiler UnityShaderCompiler.exe after 0.04 seconds
Refreshing native plugins compatible for Editor in 2.31 ms, found 3 plugins.
Preloading 0 native plugins for Editor in 0.00 ms.
Unloading 3127 Unused Serialized files (Serialized files now loaded: 0)
Unloading 34 unused Assets / (57.7 KB). Loaded Objects now: 3588.
Memory consumption went from 120.8 MB to 120.8 MB.
Total: 2.883500 ms (FindLiveObjects: 0.185200 ms CreateObjectMapping: 0.075800 ms MarkObjects: 2.510700 ms  DeleteObjects: 0.110600 ms)

AssetImportParameters requested are different than current active one (requested -> active):
  custom:container-demuxer-ogg: 62fdf1f143b41e24485cea50d1cbac27 -> 
  custom:video-decoder-ogg-theora: a1e56fd34408186e4bbccfd4996cb3dc -> 
  custom:framework-win-MediaFoundation: 216162199b28c13a410421893ffa2e32 -> 
  custom:CustomObjectIndexerAttribute: 9a22284fe3817be447336de3de66b15e -> 
  custom:container-demuxer-webm: 4f35f7cbe854078d1ac9338744f61a02 -> 
  custom:container-muxer-webm: aa71ff27fc2769a1b78a27578f13a17b -> 
  custom:video-decoder-webm-vp8: 9c59270c3fd7afecdb556c50c9e8de78 -> 
  custom:SearchIndexIgnoredProperties: e643bd26f0fe6173181afceb89e7c659 -> 
  custom:AudioImporter_EditorPlatform: d09bf68614088b80899f8185d706f6e7 -> 
  custom:video-encoder-webm-vp8: eb34c28f22e8b96e1ab97ce403110664 -> 
  custom:audio-decoder-ogg-vorbis: bf7c407c2cedff20999df2af8eb42d56 -> 
  custom:audio-encoder-webm-vorbis: bf7c407c2cedff20999df2af8eb42d56 -> 
========================================================================
Received Import Request.
  Time since last request: 91222.042028 seconds.
  path: Assets/Textures/SkinTones/Skin Tone 3/Torso_surfacematerial1_Height.1001.png
  artifactKey: Guid(af839b23a33c0e84cb80a1d00625b478) Importer(815301076,1909f56bfc062723c751e8b465ee728b)
Start importing Assets/Textures/SkinTones/Skin Tone 3/Torso_surfacematerial1_Height.1001.png using Guid(af839b23a33c0e84cb80a1d00625b478) Importer(815301076,1909f56bfc062723c751e8b465ee728b) [PhysX] Initialized MultithreadedTaskDispatcher with 20 workers.
[PhysX] Initialized MultithreadedTaskDispatcher with 20 workers.
 -> (artifact id: 'a829385389320b12902149e758816529') in 0.069094 seconds
Number of updated asset objects reloaded before import = 0
Number of asset objects unloaded after import = 2
========================================================================
Received Import Request.
  Time since last request: 38.720888 seconds.
  path: Assets/Textures/SkinTones/Skin Tone 2/Torso_surfacematerial1_Height.1001.png
  artifactKey: Guid(ceb1952be98cf6f4d8ee34d19a4c129c) Importer(815301076,1909f56bfc062723c751e8b465ee728b)
Start importing Assets/Textures/SkinTones/Skin Tone 2/Torso_surfacematerial1_Height.1001.png using Guid(ceb1952be98cf6f4d8ee34d19a4c129c) Importer(815301076,1909f56bfc062723c751e8b465ee728b) [PhysX] Initialized MultithreadedTaskDispatcher with 20 workers.
[PhysX] Initialized MultithreadedTaskDispatcher with 20 workers.
 -> (artifact id: '89aebb924fb282d4a3530ca5c0285a9a') in 0.034722 seconds
Number of updated asset objects reloaded before import = 0
Number of asset objects unloaded after import = 2
========================================================================
Received Import Request.
  Time since last request: 58.742910 seconds.
  path: Assets/Textures/SkinTones/Skin Tone 4/Torso_surfacematerial1_Height.1001.png
  artifactKey: Guid(d9b84fd0b05191140b0b2a36d465866b) Importer(815301076,1909f56bfc062723c751e8b465ee728b)
Start importing Assets/Textures/SkinTones/Skin Tone 4/Torso_surfacematerial1_Height.1001.png using Guid(d9b84fd0b05191140b0b2a36d465866b) Importer(815301076,1909f56bfc062723c751e8b465ee728b) [PhysX] Initialized MultithreadedTaskDispatcher with 20 workers.
[PhysX] Initialized MultithreadedTaskDispatcher with 20 workers.
 -> (artifact id: '2bfe342dca1615fb5868ee05aa415a8d') in 0.036937 seconds
Number of updated asset objects reloaded before import = 0
Number of asset objects unloaded after import = 2
========================================================================
Received Import Request.
  Time since last request: 25.709195 seconds.
  path: Assets/Textures/SkinTones/Skin Tone 5/Torso_surfacematerial1_Height.1001.png
  artifactKey: Guid(c8b6736f38052fc499cc2836f64bf5a8) Importer(815301076,1909f56bfc062723c751e8b465ee728b)
Start importing Assets/Textures/SkinTones/Skin Tone 5/Torso_surfacematerial1_Height.1001.png using Guid(c8b6736f38052fc499cc2836f64bf5a8) Importer(815301076,1909f56bfc062723c751e8b465ee728b) [PhysX] Initialized MultithreadedTaskDispatcher with 20 workers.
[PhysX] Initialized MultithreadedTaskDispatcher with 20 workers.
 -> (artifact id: '45401ecdd644360eb5603e0d21caa964') in 0.030532 seconds
Number of updated asset objects reloaded before import = 0
Number of asset objects unloaded after import = 2
========================================================================
Received Import Request.
  Time since last request: 0.000181 seconds.
  path: Assets/Textures/SkinTones/Skin Tone 5/Torso_surfacematerial1_Metallic.1001.png
  artifactKey: Guid(db28491864d330e4e88956b62332bd80) Importer(815301076,1909f56bfc062723c751e8b465ee728b)
Start importing Assets/Textures/SkinTones/Skin Tone 5/Torso_surfacematerial1_Metallic.1001.png using Guid(db28491864d330e4e88956b62332bd80) Importer(815301076,1909f56bfc062723c751e8b465ee728b) [PhysX] Initialized MultithreadedTaskDispatcher with 20 workers.
[PhysX] Initialized MultithreadedTaskDispatcher with 20 workers.
 -> (artifact id: 'ae7cecc2712907c6c0c613396e86a524') in 0.013676 seconds
Number of updated asset objects reloaded before import = 0
Number of asset objects unloaded after import = 2
========================================================================
Received Import Request.
  Time since last request: 32.027386 seconds.
  path: Assets/Textures/SkinTones/Skin Tone 6/Torso_surfacematerial1_Height.1001.png
  artifactKey: Guid(ed26af6302b41144786b2b3acec730ed) Importer(815301076,1909f56bfc062723c751e8b465ee728b)
Start importing Assets/Textures/SkinTones/Skin Tone 6/Torso_surfacematerial1_Height.1001.png using Guid(ed26af6302b41144786b2b3acec730ed) Importer(815301076,1909f56bfc062723c751e8b465ee728b) [PhysX] Initialized MultithreadedTaskDispatcher with 20 workers.
[PhysX] Initialized MultithreadedTaskDispatcher with 20 workers.
 -> (artifact id: 'e8ece8521b988a007bcb7508f0489d0e') in 0.023071 seconds
Number of updated asset objects reloaded before import = 0
Number of asset objects unloaded after import = 2
========================================================================
Received Import Request.
  Time since last request: 0.000049 seconds.
  path: Assets/Textures/SkinTones/Skin Tone 6/Torso_surfacematerial1_Roughness.1001.png
  artifactKey: Guid(94530b4263ba330479dd84aea899b6ac) Importer(815301076,1909f56bfc062723c751e8b465ee728b)
Start importing Assets/Textures/SkinTones/Skin Tone 6/Torso_surfacematerial1_Roughness.1001.png using Guid(94530b4263ba330479dd84aea899b6ac) Importer(815301076,1909f56bfc062723c751e8b465ee728b) [PhysX] Initialized MultithreadedTaskDispatcher with 20 workers.
[PhysX] Initialized MultithreadedTaskDispatcher with 20 workers.
 -> (artifact id: '2d6ca2736809f54d3821ac03d4521d0a') in 0.010108 seconds
Number of updated asset objects reloaded before import = 0
Number of asset objects unloaded after import = 2
========================================================================
Received Import Request.
  Time since last request: 31.150494 seconds.
  path: Assets/Textures/SkinTones/Skin Tone 7/Torso_surfacematerial1_Height.1001.png
  artifactKey: Guid(29b10ce2cc480044da100f0bb6aca18e) Importer(815301076,1909f56bfc062723c751e8b465ee728b)
Start importing Assets/Textures/SkinTones/Skin Tone 7/Torso_surfacematerial1_Height.1001.png using Guid(29b10ce2cc480044da100f0bb6aca18e) Importer(815301076,1909f56bfc062723c751e8b465ee728b) [PhysX] Initialized MultithreadedTaskDispatcher with 20 workers.
[PhysX] Initialized MultithreadedTaskDispatcher with 20 workers.
 -> (artifact id: '64da085466bc2d86a4bdbc8477451517') in 0.034296 seconds
Number of updated asset objects reloaded before import = 0
Number of asset objects unloaded after import = 2
========================================================================
Received Import Request.
  Time since last request: 45.035387 seconds.
  path: Assets/Textures/SkinTones/Skin Tone 8/Torso_surfacematerial1_Height.1001.png
  artifactKey: Guid(4e3a2215ce5ba0c4eafebc67106b5f8b) Importer(815301076,1909f56bfc062723c751e8b465ee728b)
Start importing Assets/Textures/SkinTones/Skin Tone 8/Torso_surfacematerial1_Height.1001.png using Guid(4e3a2215ce5ba0c4eafebc67106b5f8b) Importer(815301076,1909f56bfc062723c751e8b465ee728b) [PhysX] Initialized MultithreadedTaskDispatcher with 20 workers.
[PhysX] Initialized MultithreadedTaskDispatcher with 20 workers.
 -> (artifact id: 'b121a6f443f4fed854b712206c8bfafc') in 0.029976 seconds
Number of updated asset objects reloaded before import = 0
Number of asset objects unloaded after import = 2
========================================================================
Received Import Request.
  Time since last request: 0.000055 seconds.
  path: Assets/Textures/SkinTones/Skin Tone 8/Torso_surfacematerial1_Normal.1001.png
  artifactKey: Guid(4d1d6a4931345d84683c2b3eca6b7188) Importer(815301076,1909f56bfc062723c751e8b465ee728b)
Start importing Assets/Textures/SkinTones/Skin Tone 8/Torso_surfacematerial1_Normal.1001.png using Guid(4d1d6a4931345d84683c2b3eca6b7188) Importer(815301076,1909f56bfc062723c751e8b465ee728b) [PhysX] Initialized MultithreadedTaskDispatcher with 20 workers.
[PhysX] Initialized MultithreadedTaskDispatcher with 20 workers.
 -> (artifact id: '7bc2aa33a55d6c06b02f4df4a5e0aaaa') in 0.026206 seconds
Number of updated asset objects reloaded before import = 0
Number of asset objects unloaded after import = 2
========================================================================
Received Import Request.
  Time since last request: 54.270526 seconds.
  path: Assets/Textures/SkinTones/Skin Tone 9/Torso_surfacematerial1_Height.1001.png
  artifactKey: Guid(08ab2abf86bb2a34bb3e1a8f5065000c) Importer(815301076,1909f56bfc062723c751e8b465ee728b)
Start importing Assets/Textures/SkinTones/Skin Tone 9/Torso_surfacematerial1_Height.1001.png using Guid(08ab2abf86bb2a34bb3e1a8f5065000c) Importer(815301076,1909f56bfc062723c751e8b465ee728b) [PhysX] Initialized MultithreadedTaskDispatcher with 20 workers.
[PhysX] Initialized MultithreadedTaskDispatcher with 20 workers.
 -> (artifact id: 'e9a04655008716352ebd92fb5ac9436a') in 0.036079 seconds
Number of updated asset objects reloaded before import = 0
Number of asset objects unloaded after import = 2
========================================================================
Received Import Request.
  Time since last request: 32.771633 seconds.
  path: Assets/Textures/SkinTones/Skin Tone 10/Torso_surfacematerial1_Height.1001.png
  artifactKey: Guid(67c8d54f13e5c844495495e1deb6092a) Importer(815301076,1909f56bfc062723c751e8b465ee728b)
Start importing Assets/Textures/SkinTones/Skin Tone 10/Torso_surfacematerial1_Height.1001.png using Guid(67c8d54f13e5c844495495e1deb6092a) Importer(815301076,1909f56bfc062723c751e8b465ee728b) [PhysX] Initialized MultithreadedTaskDispatcher with 20 workers.
[PhysX] Initialized MultithreadedTaskDispatcher with 20 workers.
 -> (artifact id: '23f65a954dd9e71b41afbfda31356e0d') in 0.025074 seconds
Number of updated asset objects reloaded before import = 0
Number of asset objects unloaded after import = 2
========================================================================
Received Import Request.
  Time since last request: 0.000083 seconds.
  path: Assets/Textures/SkinTones/Skin Tone 10/Torso_surfacematerial1_Roughness.1001.png
  artifactKey: Guid(aed86e1b929088e4eadf9aa419f6c27e) Importer(815301076,1909f56bfc062723c751e8b465ee728b)
Start importing Assets/Textures/SkinTones/Skin Tone 10/Torso_surfacematerial1_Roughness.1001.png using Guid(aed86e1b929088e4eadf9aa419f6c27e) Importer(815301076,1909f56bfc062723c751e8b465ee728b) [PhysX] Initialized MultithreadedTaskDispatcher with 20 workers.
[PhysX] Initialized MultithreadedTaskDispatcher with 20 workers.
 -> (artifact id: '9ad2a15ba7528f6c34661f1d05e1720a') in 0.009278 seconds
Number of updated asset objects reloaded before import = 0
Number of asset objects unloaded after import = 2
Editor requested this worker to shutdown with reason: Scaling down because of idle timeout
TcpMessagingSession - receive error: operation aborted. errorcode: 995, details: The I/O operation has been aborted because of either a thread exit or an application request.
AssetImportWorker is now disconnected from the server
Process exiting
Exiting without the bug reporter. Application will terminate with return code 0